<?xml version="1.0" encoding="UTF-8"?>
<testng-results ignored="0" total="1" passed="1" failed="0" skipped="0">
  <reporter-output>
  </reporter-output>
  <suite started-at="2023-07-21T20:24:26 IST" name="Default suite" finished-at="2023-07-21T20:24:50 IST" duration-ms="23326">
    <groups>
    </groups>
    <test started-at="2023-07-21T20:24:26 IST" name="Default test" finished-at="2023-07-21T20:24:50 IST" duration-ms="23326">
      <class name="Maven.Test1">
        <test-method is-config="true" signature="setUp()[pri:0, instance:Maven.Test1@543295b0]" started-at="2023-07-21T20:24:26 IST" name="setUp" finished-at="2023-07-21T20:24:37 IST" duration-ms="11004" status="PASS">
          <reporter-output>
          </reporter-output>
        </test-method> <!-- setUp -->
        <test-method signature="testBusTicketBooking()[pri:0, instance:Maven.Test1@543295b0]" started-at="2023-07-21T20:24:37 IST" name="testBusTicketBooking" finished-at="2023-07-21T20:24:49 IST" duration-ms="11857" status="PASS">
          <reporter-output>
          </reporter-output>
        </test-method> <!-- testBusTicketBooking -->
        <test-method is-config="true" signature="tearDown()[pri:0, instance:Maven.Test1@543295b0]" started-at="2023-07-21T20:24:49 IST" name="tearDown" finished-at="2023-07-21T20:24:50 IST" duration-ms="405" status="PASS">
          <reporter-output>
          </reporter-output>
        </test-method> <!-- tearDown -->
      </class> <!-- Maven.Test1 -->
    </test> <!-- Default test -->
  </suite> <!-- Default suite -->
</testng-results>
